<?xml version="1.0" encoding="UTF-8"?>
<testng-results ignored="0" total="1" passed="1" failed="0" skipped="0">
  <reporter-output>
  </reporter-output>
  <suite started-at="2024-04-17T11:02:55 IST" name="Default suite" finished-at="2024-04-17T11:03:50 IST" duration-ms="54721">
    <groups>
    </groups>
    <test started-at="2024-04-17T11:02:55 IST" name="Default test" finished-at="2024-04-17T11:03:50 IST" duration-ms="54721">
      <class name="com.ShoppersStack_testScripts.Verify_User_Is_Able_To_Delete_Address_Test">
        <test-method is-config="true" signature="bs()[pri:0, instance:com.ShoppersStack_testScripts.Verify_User_Is_Able_To_Delete_Address_Test@2b71e916]" started-at="2024-04-17T11:02:55 IST" name="bs" finished-at="2024-04-17T11:02:55 IST" duration-ms="47" status="PASS">
          <reporter-output>
          </reporter-output>
        </test-method> <!-- bs -->
        <test-method is-config="true" signature="bt()[pri:0, instance:com.ShoppersStack_testScripts.Verify_User_Is_Able_To_Delete_Address_Test@2b71e916]" started-at="2024-04-17T11:02:55 IST" name="bt" finished-at="2024-04-17T11:02:55 IST" duration-ms="248" status="PASS">
          <reporter-output>
          </reporter-output>
        </test-method> <!-- bt -->
        <test-method is-config="true" signature="bc()[pri:0, instance:com.ShoppersStack_testScripts.Verify_User_Is_Able_To_Delete_Address_Test@2b71e916]" started-at="2024-04-17T11:02:55 IST" name="bc" finished-at="2024-04-17T11:03:00 IST" duration-ms="4868" status="PASS">
          <reporter-output>
          </reporter-output>
        </test-method> <!-- bc -->
        <test-method is-config="true" signature="bm()[pri:0, instance:com.ShoppersStack_testScripts.Verify_User_Is_Able_To_Delete_Address_Test@2b71e916]" started-at="2024-04-17T11:03:00 IST" name="bm" finished-at="2024-04-17T11:03:36 IST" duration-ms="36118" status="PASS">
          <reporter-output>
          </reporter-output>
        </test-method> <!-- bm -->
        <test-method signature="addAddress()[pri:0, instance:com.ShoppersStack_testScripts.Verify_User_Is_Able_To_Delete_Address_Test@2b71e916]" started-at="2024-04-17T11:03:36 IST" name="addAddress" finished-at="2024-04-17T11:03:46 IST" duration-ms="9258" status="PASS">
          <reporter-output>
          </reporter-output>
        </test-method> <!-- addAddress -->
        <test-method is-config="true" signature="am()[pri:0, instance:com.ShoppersStack_testScripts.Verify_User_Is_Able_To_Delete_Address_Test@2b71e916]" started-at="2024-04-17T11:03:46 IST" name="am" finished-at="2024-04-17T11:03:46 IST" duration-ms="224" status="PASS">
          <reporter-output>
          </reporter-output>
        </test-method> <!-- am -->
        <test-method is-config="true" signature="ac()[pri:0, instance:com.ShoppersStack_testScripts.Verify_User_Is_Able_To_Delete_Address_Test@2b71e916]" started-at="2024-04-17T11:03:46 IST" name="ac" finished-at="2024-04-17T11:03:49 IST" duration-ms="3341" status="PASS">
          <reporter-output>
          </reporter-output>
        </test-method> <!-- ac -->
        <test-method is-config="true" signature="at()[pri:0, instance:com.ShoppersStack_testScripts.Verify_User_Is_Able_To_Delete_Address_Test@2b71e916]" started-at="2024-04-17T11:03:49 IST" name="at" finished-at="2024-04-17T11:03:50 IST" duration-ms="633" status="PASS">
          <reporter-output>
          </reporter-output>
        </test-method> <!-- at -->
      </class> <!-- com.ShoppersStack_testScripts.Verify_User_Is_Able_To_Delete_Address_Test -->
    </test> <!-- Default test -->
  </suite> <!-- Default suite -->
</testng-results>
